INFO 2024-12-04 12:04:56,890 logging_middleware 79075 8088310528 Request: {
  "type": "request",
  "method": "POST",
  "path": "/api/users/",
  "user": "AnonymousUser",
  "GET_params": {},
  "POST_params": "<file upload>",
  "body": "<binary data>",
  "headers": {
    "Cookie": "",
    "Content-Length": "261",
    "Content-Type": "multipart/form-data; boundary=BoUnDaRyStRiNg"
  }
}
INFO 2024-12-04 12:04:56,897 logging_middleware 79075 8088310528 Response: {
  "type": "response",
  "status_code": 201,
  "content": "<binary data>",
  "duration": "0.01s",
  "headers": {
    "Content-Type": "application/json",
    "Vary": "Accept",
    "Allow": "GET, POST, HEAD, OPTIONS"
  }
}
INFO 2024-12-04 12:04:56,898 logging_middleware 79075 8088310528 Request: {
  "type": "request",
  "method": "GET",
  "path": "/api/users/",
  "user": "AnonymousUser",
  "GET_params": {},
  "POST_params": {},
  "body": null,
  "headers": {
    "Cookie": ""
  }
}
INFO 2024-12-04 12:04:56,901 logging_middleware 79075 8088310528 Response: {
  "type": "response",
  "status_code": 200,
  "content": "<binary data>",
  "duration": "0.00s",
  "headers": {
    "Content-Type": "application/json",
    "Vary": "Accept",
    "Allow": "GET, POST, HEAD, OPTIONS"
  }
}
INFO 2024-12-04 12:44:23,578 autoreload 80300 8088310528 Watching for file changes with StatReloader
INFO 2024-12-04 12:47:39,007 autoreload 80300 8088310528 /Users/javierdominguezsegura/Programming/College/Sophomore/Databases/MMS/src/django_project/menus/views.py changed, reloading.
INFO 2024-12-04 12:47:39,976 autoreload 80960 8088310528 Watching for file changes with StatReloader
INFO 2024-12-04 12:50:06,470 logging_middleware 80960 6126678016 Request: {
  "type": "request",
  "method": "POST",
  "path": "/api/upload-menu/",
  "user": "AnonymousUser",
  "GET_params": {},
  "POST_params": "<file upload>",
  "body": "<binary data>",
  "headers": {
    "Content-Length": "407334",
    "Content-Type": "multipart/form-data; boundary=76b29968f8f105b9d922934a74cfc008",
    "Host": "localhost:8000",
    "User-Agent": "python-requests/2.32.3",
    "Accept-Encoding": "gzip, deflate",
    "Accept": "*/*",
    "Connection": "keep-alive"
  }
}
INFO 2024-12-04 12:50:21,294 logging_middleware 80960 6126678016 Response: {
  "type": "response",
  "status_code": 201,
  "content": "<binary data>",
  "duration": "14.82s",
  "headers": {
    "Content-Type": "application/json",
    "Vary": "Accept",
    "Allow": "OPTIONS, POST"
  }
}
INFO 2024-12-04 12:50:21,295 basehttp 80960 6126678016 "POST /api/upload-menu/ HTTP/1.1" 201 55
INFO 2024-12-04 12:50:31,871 logging_middleware 80960 6126678016 Request: {
  "type": "request",
  "method": "GET",
  "path": "/admin/",
  "user": "test1",
  "GET_params": {},
  "POST_params": {},
  "body": null,
  "headers": {
    "Content-Length": "",
    "Content-Type": "text/plain",
    "Host": "127.0.0.1:8000",
    "Connection": "keep-alive",
    "Sec-Ch-Ua": "\"Google Chrome\";v=\"131\", \"Chromium\";v=\"131\", \"Not_A Brand\";v=\"24\"",
    "Sec-Ch-Ua-Mobile": "?0",
    "Sec-Ch-Ua-Platform": "\"macOS\"",
    "Dnt": "1",
    "Upgrade-Insecure-Requests": "1",
    "User-Agent": "Mozilla/5.0 (Macintosh; Intel Mac OS X 10_15_7) AppleWebKit/537.36 (KHTML, like Gecko) Chrome/131.0.0.0 Safari/537.36",
    "Accept": "text/html,application/xhtml+xml,application/xml;q=0.9,image/avif,image/webp,image/apng,*/*;q=0.8,application/signed-exchange;v=b3;q=0.7",
    "Sec-Fetch-Site": "none",
    "Sec-Fetch-Mode": "navigate",
    "Sec-Fetch-User": "?1",
    "Sec-Fetch-Dest": "document",
    "Accept-Encoding": "gzip, deflate, br, zstd",
    "Accept-Language": "en-US,en;q=0.9",
    "Cookie": "csrftoken=jbCoRnGhM3vRewJS8tqiCZDmL3lVlcwX; sessionid=vrazqfl5vyjwwdx2k0u4gflmpylk6dcb"
  }
}
INFO 2024-12-04 12:50:31,918 logging_middleware 80960 6126678016 Response: {
  "type": "response",
  "status_code": 200,
  "content": "<undecodable content>",
  "duration": "0.07s",
  "headers": {
    "Content-Type": "text/html; charset=utf-8",
    "Expires": "Wed, 04 Dec 2024 12:50:31 GMT",
    "Cache-Control": "max-age=0, no-cache, no-store, must-revalidate, private",
    "Vary": "Cookie"
  }
}
INFO 2024-12-04 12:50:31,918 basehttp 80960 6126678016 "GET /admin/ HTTP/1.1" 200 14052
INFO 2024-12-04 12:50:31,956 basehttp 80960 6126678016 "GET /static/admin/css/base.css HTTP/1.1" 304 0
INFO 2024-12-04 12:50:31,957 basehttp 80960 6144077824 "GET /static/admin/css/responsive.css HTTP/1.1" 304 0
INFO 2024-12-04 12:50:31,957 basehttp 80960 6160904192 "GET /static/admin/css/dark_mode.css HTTP/1.1" 304 0
INFO 2024-12-04 12:50:31,958 basehttp 80960 6177730560 "GET /static/admin/css/nav_sidebar.css HTTP/1.1" 304 0
INFO 2024-12-04 12:50:31,958 basehttp 80960 6194556928 "GET /static/admin/css/dashboard.css HTTP/1.1" 304 0
INFO 2024-12-04 12:50:31,959 basehttp 80960 6211383296 "GET /static/admin/js/theme.js HTTP/1.1" 304 0
INFO 2024-12-04 12:50:31,961 basehttp 80960 6211383296 "GET /static/admin/js/nav_sidebar.js HTTP/1.1" 304 0
INFO 2024-12-04 12:50:31,967 basehttp 80960 6194556928 "GET /static/admin/img/icon-changelink.svg HTTP/1.1" 304 0
INFO 2024-12-04 12:50:31,967 basehttp 80960 6211383296 "GET /static/admin/img/icon-addlink.svg HTTP/1.1" 304 0
INFO 2024-12-04 12:50:32,091 logging_middleware 80960 6194556928 Request: {
  "type": "request",
  "method": "GET",
  "path": "/favicon.ico",
  "user": "test1",
  "GET_params": {},
  "POST_params": {},
  "body": null,
  "headers": {
    "Content-Length": "",
    "Content-Type": "text/plain",
    "Host": "127.0.0.1:8000",
    "Connection": "keep-alive",
    "Sec-Ch-Ua-Platform": "\"macOS\"",
    "User-Agent": "Mozilla/5.0 (Macintosh; Intel Mac OS X 10_15_7) AppleWebKit/537.36 (KHTML, like Gecko) Chrome/131.0.0.0 Safari/537.36",
    "Sec-Ch-Ua": "\"Google Chrome\";v=\"131\", \"Chromium\";v=\"131\", \"Not_A Brand\";v=\"24\"",
    "Dnt": "1",
    "Sec-Ch-Ua-Mobile": "?0",
    "Accept": "image/avif,image/webp,image/apng,image/svg+xml,image/*,*/*;q=0.8",
    "Sec-Fetch-Site": "same-origin",
    "Sec-Fetch-Mode": "no-cors",
    "Sec-Fetch-Dest": "image",
    "Referer": "http://127.0.0.1:8000/admin/",
    "Accept-Encoding": "gzip, deflate, br, zstd",
    "Accept-Language": "en-US,en;q=0.9",
    "Cookie": "csrftoken=jbCoRnGhM3vRewJS8tqiCZDmL3lVlcwX; sessionid=vrazqfl5vyjwwdx2k0u4gflmpylk6dcb"
  }
}
INFO 2024-12-04 12:50:32,096 logging_middleware 80960 6194556928 Response: {
  "type": "response",
  "status_code": 404,
  "content": "<undecodable content>",
  "duration": "0.01s",
  "headers": {
    "Content-Type": "text/html; charset=utf-8"
  }
}
WARNING 2024-12-04 12:50:32,096 log 80960 6194556928 Not Found: /favicon.ico
WARNING 2024-12-04 12:50:32,097 basehttp 80960 6194556928 "GET /favicon.ico HTTP/1.1" 404 2675
INFO 2024-12-04 12:50:34,526 logging_middleware 80960 6194556928 Request: {
  "type": "request",
  "method": "GET",
  "path": "/admin/menus/menu/",
  "user": "test1",
  "GET_params": {},
  "POST_params": {},
  "body": null,
  "headers": {
    "Content-Length": "",
    "Content-Type": "text/plain",
    "Host": "127.0.0.1:8000",
    "Connection": "keep-alive",
    "Sec-Ch-Ua": "\"Google Chrome\";v=\"131\", \"Chromium\";v=\"131\", \"Not_A Brand\";v=\"24\"",
    "Sec-Ch-Ua-Mobile": "?0",
    "Sec-Ch-Ua-Platform": "\"macOS\"",
    "Dnt": "1",
    "Upgrade-Insecure-Requests": "1",
    "User-Agent": "Mozilla/5.0 (Macintosh; Intel Mac OS X 10_15_7) AppleWebKit/537.36 (KHTML, like Gecko) Chrome/131.0.0.0 Safari/537.36",
    "Accept": "text/html,application/xhtml+xml,application/xml;q=0.9,image/avif,image/webp,image/apng,*/*;q=0.8,application/signed-exchange;v=b3;q=0.7",
    "Sec-Fetch-Site": "same-origin",
    "Sec-Fetch-Mode": "navigate",
    "Sec-Fetch-User": "?1",
    "Sec-Fetch-Dest": "document",
    "Referer": "http://127.0.0.1:8000/admin/",
    "Accept-Encoding": "gzip, deflate, br, zstd",
    "Accept-Language": "en-US,en;q=0.9",
    "Cookie": "csrftoken=jbCoRnGhM3vRewJS8tqiCZDmL3lVlcwX; sessionid=vrazqfl5vyjwwdx2k0u4gflmpylk6dcb"
  }
}
INFO 2024-12-04 12:50:34,599 logging_middleware 80960 6194556928 Response: {
  "type": "response",
  "status_code": 200,
  "content": "<undecodable content>",
  "duration": "0.08s",
  "headers": {
    "Content-Type": "text/html; charset=utf-8",
    "Expires": "Wed, 04 Dec 2024 12:50:34 GMT",
    "Cache-Control": "max-age=0, no-cache, no-store, must-revalidate, private",
    "Vary": "Cookie"
  }
}
INFO 2024-12-04 12:50:34,601 basehttp 80960 6194556928 "GET /admin/menus/menu/ HTTP/1.1" 200 34219
INFO 2024-12-04 12:50:34,624 basehttp 80960 6211383296 "GET /static/admin/css/changelists.css HTTP/1.1" 304 0
INFO 2024-12-04 12:50:34,624 basehttp 80960 6177730560 "GET /static/admin/js/actions.js HTTP/1.1" 304 0
INFO 2024-12-04 12:50:34,625 basehttp 80960 6126678016 "GET /static/admin/js/admin/RelatedObjectLookups.js HTTP/1.1" 304 0
INFO 2024-12-04 12:50:34,626 basehttp 80960 6160904192 "GET /static/admin/js/core.js HTTP/1.1" 304 0
INFO 2024-12-04 12:50:34,627 basehttp 80960 6144077824 "GET /static/admin/js/vendor/jquery/jquery.js HTTP/1.1" 304 0
INFO 2024-12-04 12:50:34,627 logging_middleware 80960 6194556928 Request: {
  "type": "request",
  "method": "GET",
  "path": "/admin/jsi18n/",
  "user": "test1",
  "GET_params": {},
  "POST_params": {},
  "body": null,
  "headers": {
    "Content-Length": "",
    "Content-Type": "text/plain",
    "Host": "127.0.0.1:8000",
    "Connection": "keep-alive",
    "Sec-Ch-Ua-Platform": "\"macOS\"",
    "User-Agent": "Mozilla/5.0 (Macintosh; Intel Mac OS X 10_15_7) AppleWebKit/537.36 (KHTML, like Gecko) Chrome/131.0.0.0 Safari/537.36",
    "Sec-Ch-Ua": "\"Google Chrome\";v=\"131\", \"Chromium\";v=\"131\", \"Not_A Brand\";v=\"24\"",
    "Dnt": "1",
    "Sec-Ch-Ua-Mobile": "?0",
    "Accept": "*/*",
    "Sec-Fetch-Site": "same-origin",
    "Sec-Fetch-Mode": "no-cors",
    "Sec-Fetch-Dest": "script",
    "Referer": "http://127.0.0.1:8000/admin/menus/menu/",
    "Accept-Encoding": "gzip, deflate, br, zstd",
    "Accept-Language": "en-US,en;q=0.9",
    "Cookie": "csrftoken=jbCoRnGhM3vRewJS8tqiCZDmL3lVlcwX; sessionid=vrazqfl5vyjwwdx2k0u4gflmpylk6dcb"
  }
}
INFO 2024-12-04 12:50:34,629 basehttp 80960 6211383296 "GET /static/admin/js/urlify.js HTTP/1.1" 304 0
INFO 2024-12-04 12:50:34,630 basehttp 80960 6177730560 "GET /static/admin/js/jquery.init.js HTTP/1.1" 304 0
INFO 2024-12-04 12:50:34,631 basehttp 80960 6126678016 "GET /static/admin/js/prepopulate.js HTTP/1.1" 304 0
INFO 2024-12-04 12:50:34,631 basehttp 80960 6144077824 "GET /static/admin/js/vendor/xregexp/xregexp.js HTTP/1.1" 304 0
INFO 2024-12-04 12:50:34,632 basehttp 80960 6177730560 "GET /static/admin/img/search.svg HTTP/1.1" 304 0
INFO 2024-12-04 12:50:34,633 logging_middleware 80960 6194556928 Response: {
  "type": "response",
  "status_code": 200,
  "content": "<undecodable content>",
  "duration": "0.01s",
  "headers": {
    "Content-Type": "text/javascript; charset=\"utf-8\""
  }
}
INFO 2024-12-04 12:50:34,633 basehttp 80960 6126678016 "GET /static/admin/img/icon-yes.svg HTTP/1.1" 304 0
INFO 2024-12-04 12:50:34,634 basehttp 80960 6194556928 "GET /admin/jsi18n/ HTTP/1.1" 200 3342
INFO 2024-12-04 12:50:34,636 basehttp 80960 6194556928 "GET /static/admin/js/filters.js HTTP/1.1" 304 0
INFO 2024-12-04 12:50:34,644 basehttp 80960 6194556928 "GET /static/admin/img/icon-no.svg HTTP/1.1" 304 0
INFO 2024-12-04 12:50:34,658 basehttp 80960 6194556928 "GET /static/admin/img/tooltag-add.svg HTTP/1.1" 304 0
INFO 2024-12-04 12:50:34,660 basehttp 80960 6194556928 "GET /static/admin/img/icon-viewlink.svg HTTP/1.1" 304 0
INFO 2024-12-04 12:50:39,203 logging_middleware 80960 6126678016 Request: {
  "type": "request",
  "method": "GET",
  "path": "/admin/menus/menusection/",
  "user": "test1",
  "GET_params": {},
  "POST_params": {},
  "body": null,
  "headers": {
    "Content-Length": "",
    "Content-Type": "text/plain",
    "Host": "127.0.0.1:8000",
    "Connection": "keep-alive",
    "Sec-Ch-Ua": "\"Google Chrome\";v=\"131\", \"Chromium\";v=\"131\", \"Not_A Brand\";v=\"24\"",
    "Sec-Ch-Ua-Mobile": "?0",
    "Sec-Ch-Ua-Platform": "\"macOS\"",
    "Dnt": "1",
    "Upgrade-Insecure-Requests": "1",
    "User-Agent": "Mozilla/5.0 (Macintosh; Intel Mac OS X 10_15_7) AppleWebKit/537.36 (KHTML, like Gecko) Chrome/131.0.0.0 Safari/537.36",
    "Accept": "text/html,application/xhtml+xml,application/xml;q=0.9,image/avif,image/webp,image/apng,*/*;q=0.8,application/signed-exchange;v=b3;q=0.7",
    "Sec-Fetch-Site": "same-origin",
    "Sec-Fetch-Mode": "navigate",
    "Sec-Fetch-User": "?1",
    "Sec-Fetch-Dest": "document",
    "Referer": "http://127.0.0.1:8000/admin/menus/menu/",
    "Accept-Encoding": "gzip, deflate, br, zstd",
    "Accept-Language": "en-US,en;q=0.9",
    "Cookie": "csrftoken=jbCoRnGhM3vRewJS8tqiCZDmL3lVlcwX; sessionid=vrazqfl5vyjwwdx2k0u4gflmpylk6dcb"
  }
}
INFO 2024-12-04 12:50:39,382 logging_middleware 80960 6126678016 Response: {
  "type": "response",
  "status_code": 200,
  "content": "<undecodable content>",
  "duration": "0.19s",
  "headers": {
    "Content-Type": "text/html; charset=utf-8",
    "Expires": "Wed, 04 Dec 2024 12:50:39 GMT",
    "Cache-Control": "max-age=0, no-cache, no-store, must-revalidate, private",
    "Vary": "Cookie"
  }
}
INFO 2024-12-04 12:50:39,382 basehttp 80960 6126678016 "GET /admin/menus/menusection/ HTTP/1.1" 200 62358
INFO 2024-12-04 12:50:39,413 logging_middleware 80960 6126678016 Request: {
  "type": "request",
  "method": "GET",
  "path": "/admin/jsi18n/",
  "user": "test1",
  "GET_params": {},
  "POST_params": {},
  "body": null,
  "headers": {
    "Content-Length": "",
    "Content-Type": "text/plain",
    "Host": "127.0.0.1:8000",
    "Connection": "keep-alive",
    "Sec-Ch-Ua-Platform": "\"macOS\"",
    "User-Agent": "Mozilla/5.0 (Macintosh; Intel Mac OS X 10_15_7) AppleWebKit/537.36 (KHTML, like Gecko) Chrome/131.0.0.0 Safari/537.36",
    "Sec-Ch-Ua": "\"Google Chrome\";v=\"131\", \"Chromium\";v=\"131\", \"Not_A Brand\";v=\"24\"",
    "Dnt": "1",
    "Sec-Ch-Ua-Mobile": "?0",
    "Accept": "*/*",
    "Sec-Fetch-Site": "same-origin",
    "Sec-Fetch-Mode": "no-cors",
    "Sec-Fetch-Dest": "script",
    "Referer": "http://127.0.0.1:8000/admin/menus/menusection/",
    "Accept-Encoding": "gzip, deflate, br, zstd",
    "Accept-Language": "en-US,en;q=0.9",
    "Cookie": "csrftoken=jbCoRnGhM3vRewJS8tqiCZDmL3lVlcwX; sessionid=vrazqfl5vyjwwdx2k0u4gflmpylk6dcb"
  }
}
INFO 2024-12-04 12:50:39,414 logging_middleware 80960 6126678016 Response: {
  "type": "response",
  "status_code": 200,
  "content": "<undecodable content>",
  "duration": "0.00s",
  "headers": {
    "Content-Type": "text/javascript; charset=\"utf-8\""
  }
}
INFO 2024-12-04 12:50:39,414 basehttp 80960 6126678016 "GET /admin/jsi18n/ HTTP/1.1" 200 3342
INFO 2024-12-04 12:50:41,934 logging_middleware 80960 6126678016 Request: {
  "type": "request",
  "method": "GET",
  "path": "/admin/menus/auditlog/",
  "user": "test1",
  "GET_params": {},
  "POST_params": {},
  "body": null,
  "headers": {
    "Content-Length": "",
    "Content-Type": "text/plain",
    "Host": "127.0.0.1:8000",
    "Connection": "keep-alive",
    "Sec-Ch-Ua": "\"Google Chrome\";v=\"131\", \"Chromium\";v=\"131\", \"Not_A Brand\";v=\"24\"",
    "Sec-Ch-Ua-Mobile": "?0",
    "Sec-Ch-Ua-Platform": "\"macOS\"",
    "Dnt": "1",
    "Upgrade-Insecure-Requests": "1",
    "User-Agent": "Mozilla/5.0 (Macintosh; Intel Mac OS X 10_15_7) AppleWebKit/537.36 (KHTML, like Gecko) Chrome/131.0.0.0 Safari/537.36",
    "Accept": "text/html,application/xhtml+xml,application/xml;q=0.9,image/avif,image/webp,image/apng,*/*;q=0.8,application/signed-exchange;v=b3;q=0.7",
    "Sec-Fetch-Site": "same-origin",
    "Sec-Fetch-Mode": "navigate",
    "Sec-Fetch-User": "?1",
    "Sec-Fetch-Dest": "document",
    "Referer": "http://127.0.0.1:8000/admin/menus/menusection/",
    "Accept-Encoding": "gzip, deflate, br, zstd",
    "Accept-Language": "en-US,en;q=0.9",
    "Cookie": "csrftoken=jbCoRnGhM3vRewJS8tqiCZDmL3lVlcwX; sessionid=vrazqfl5vyjwwdx2k0u4gflmpylk6dcb"
  }
}
INFO 2024-12-04 12:50:42,011 logging_middleware 80960 6126678016 Response: {
  "type": "response",
  "status_code": 200,
  "content": "<undecodable content>",
  "duration": "0.08s",
  "headers": {
    "Content-Type": "text/html; charset=utf-8",
    "Expires": "Wed, 04 Dec 2024 12:50:41 GMT",
    "Cache-Control": "max-age=0, no-cache, no-store, must-revalidate, private",
    "Vary": "Cookie"
  }
}
INFO 2024-12-04 12:50:42,011 basehttp 80960 6126678016 "GET /admin/menus/auditlog/ HTTP/1.1" 200 44942
INFO 2024-12-04 12:50:42,031 logging_middleware 80960 6126678016 Request: {
  "type": "request",
  "method": "GET",
  "path": "/admin/jsi18n/",
  "user": "test1",
  "GET_params": {},
  "POST_params": {},
  "body": null,
  "headers": {
    "Content-Length": "",
    "Content-Type": "text/plain",
    "Host": "127.0.0.1:8000",
    "Connection": "keep-alive",
    "Sec-Ch-Ua-Platform": "\"macOS\"",
    "User-Agent": "Mozilla/5.0 (Macintosh; Intel Mac OS X 10_15_7) AppleWebKit/537.36 (KHTML, like Gecko) Chrome/131.0.0.0 Safari/537.36",
    "Sec-Ch-Ua": "\"Google Chrome\";v=\"131\", \"Chromium\";v=\"131\", \"Not_A Brand\";v=\"24\"",
    "Dnt": "1",
    "Sec-Ch-Ua-Mobile": "?0",
    "Accept": "*/*",
    "Sec-Fetch-Site": "same-origin",
    "Sec-Fetch-Mode": "no-cors",
    "Sec-Fetch-Dest": "script",
    "Referer": "http://127.0.0.1:8000/admin/menus/auditlog/",
    "Accept-Encoding": "gzip, deflate, br, zstd",
    "Accept-Language": "en-US,en;q=0.9",
    "Cookie": "csrftoken=jbCoRnGhM3vRewJS8tqiCZDmL3lVlcwX; sessionid=vrazqfl5vyjwwdx2k0u4gflmpylk6dcb"
  }
}
INFO 2024-12-04 12:50:42,032 logging_middleware 80960 6126678016 Response: {
  "type": "response",
  "status_code": 200,
  "content": "<undecodable content>",
  "duration": "0.00s",
  "headers": {
    "Content-Type": "text/javascript; charset=\"utf-8\""
  }
}
INFO 2024-12-04 12:50:42,032 basehttp 80960 6126678016 "GET /admin/jsi18n/ HTTP/1.1" 200 3342
INFO 2024-12-04 12:51:03,422 autoreload 80960 8088310528 /Users/javierdominguezsegura/Programming/College/Sophomore/Databases/MMS/src/django_project/menus/views.py changed, reloading.
INFO 2024-12-04 12:51:04,355 autoreload 81248 8088310528 Watching for file changes with StatReloader
INFO 2024-12-04 12:51:08,752 autoreload 81248 8088310528 /Users/javierdominguezsegura/Programming/College/Sophomore/Databases/MMS/src/django_project/menus/views.py changed, reloading.
INFO 2024-12-04 12:51:09,444 autoreload 81264 8088310528 Watching for file changes with StatReloader
INFO 2024-12-04 12:51:10,620 autoreload 81264 8088310528 /Users/javierdominguezsegura/Programming/College/Sophomore/Databases/MMS/src/django_project/menus/views.py changed, reloading.
INFO 2024-12-04 12:51:11,306 autoreload 81274 8088310528 Watching for file changes with StatReloader
INFO 2024-12-04 12:51:13,607 autoreload 81274 8088310528 /Users/javierdominguezsegura/Programming/College/Sophomore/Databases/MMS/src/django_project/menus/views.py changed, reloading.
INFO 2024-12-04 12:51:14,309 autoreload 81300 8088310528 Watching for file changes with StatReloader
INFO 2024-12-04 12:51:22,785 autoreload 81300 8088310528 /Users/javierdominguezsegura/Programming/College/Sophomore/Databases/MMS/src/django_project/menus/views.py changed, reloading.
INFO 2024-12-04 12:51:23,513 autoreload 81319 8088310528 Watching for file changes with StatReloader
INFO 2024-12-04 12:51:24,800 autoreload 81319 8088310528 /Users/javierdominguezsegura/Programming/College/Sophomore/Databases/MMS/src/django_project/menus/views.py changed, reloading.
INFO 2024-12-04 12:51:25,505 autoreload 81326 8088310528 Watching for file changes with StatReloader
